Thu Jun 08 12:01:26 BRT 2017 : Apache Derby Servidor de Rede - 10.10.2.0 - (1582446) iniciado e pronto para aceitar conexões na porta 1527 em {3}
----------------------------------------------------------------
Thu Jun 08 12:01:27 BRT 2017:
 Inicializando o Derby versão The Apache Software Foundation - Apache Derby - 10.10.2.0 - (1582446): instância a816c00e-015c-8839-76d4-ffffbe2c32d5
no diretório de banco de dados C:\Users\lucas_000\Desktop\projeto\MackCar_Atu\db\mackcar_bd\mackcar_bd 

java.vendor=Oracle Corporation
java.runtime.version=1.8.0_60-b27
user.dir=C:\Program Files\glassfish-4.1\javadb
os.name=Windows 10
os.arch=amd64
os.version=10.0
derby.system.home=C:\Users\lucas_000\Desktop\projeto\MackCar_Atu\db\mackcar_bd
Carregador de classe do banco de dados iniciado - derby.database.classpath=''
----------------------------------------------------------------
Thu Jun 08 12:01:39 BRT 2017:
Encerrando a instância a816c00e-015c-8839-76d4-ffffbe2c32d5
Thu Jun 08 12:01:39 BRT 2017 Thread[DRDAConnThread_3,5,main] (DATABASE = mackcar_bd), (DRDAID = {2}), Banco de dados 'mackcar_bd' fechado.
----------------------------------------------------------------
Thu Jun 08 12:01:45 BRT 2017:
 Inicializando o Derby versão The Apache Software Foundation - Apache Derby - 10.10.2.0 - (1582446): instância 560740aa-015c-8839-76d4-ffffbe2c32d5
no diretório de banco de dados C:\Users\lucas_000\Desktop\projeto\MackCar_Atu\db\mackcar_bd\mackcar_bd 

java.vendor=Oracle Corporation
java.runtime.version=1.8.0_60-b27
user.dir=C:\Program Files\glassfish-4.1\javadb
os.name=Windows 10
os.arch=amd64
os.version=10.0
derby.system.home=C:\Users\lucas_000\Desktop\projeto\MackCar_Atu\db\mackcar_bd
Carregador de classe do banco de dados iniciado - derby.database.classpath=''
----------------------------------------------------------------
Thu Jun 08 17:01:20 BRT 2017: Shutting down Derby engine
